/*C6*/SET SCHEMA PUBLIC
set database SQL regular names false
set database SQL syntax ora true
set database transaction control MVLocks
DISCONNECT
/*C8*/SET SCHEMA PUBLIC
DISCONNECT
/*C9*/SET SCHEMA PUBLIC
DELETE FROM AGENT WHERE ID=1
INSERT INTO AGENT VALUES(1,'docker_agent_1','172.18.0.3',9090,1,1,1,0,1480450453705,1480450559035,'Server shutdown','bf407c6b7d76e085c2706dc16b00986b',NULL,NULL)
COMMIT
DELETE FROM USERS WHERE ID=1
INSERT INTO USERS VALUES(1,'admin','Vx60n4OAJyytu81g:89acd4d0dfafbcabb9f1b1cc6db0cb4f','','',1480450635138)
COMMIT
DELETE FROM AGENT WHERE ID=1
INSERT INTO AGENT VALUES(1,'docker_agent_1','172.18.0.3',9090,1,1,1,0,1480450453705,1480450559035,'Server shutdown','bf407c6b7d76e085c2706dc16b00986b',NULL,NULL)
COMMIT
DELETE FROM AGENT WHERE ID=1
INSERT INTO AGENT VALUES(1,'docker_agent_1','172.18.0.3',9090,1,1,1,0,1480450453705,1480450559035,'Server shutdown','bf407c6b7d76e085c2706dc16b00986b',NULL,NULL)
COMMIT
DELETE FROM AGENT WHERE ID=1
INSERT INTO AGENT VALUES(1,'docker_agent_1','172.18.0.3',9090,1,1,1,0,1480450453705,1480450559035,'Server shutdown','bf407c6b7d76e085c2706dc16b00986b',NULL,NULL)
COMMIT
DELETE FROM AGENT_TYPE_INFO WHERE AGENT_TYPE_ID=1
INSERT INTO AGENT_TYPE_INFO VALUES(1,'Linux, version 4.4.27-moby',591,'2016-11-29 20:17:15.655000','2016-11-29 20:17:15.655000')
DELETE FROM AGENT_TYPE_VCS WHERE AGENT_TYPE_ID=1 AND VCS='cvs'
DELETE FROM AGENT_TYPE_VCS WHERE AGENT_TYPE_ID=1 AND VCS='jetbrains.git'
DELETE FROM AGENT_TYPE_VCS WHERE AGENT_TYPE_ID=1 AND VCS='mercurial'
DELETE FROM AGENT_TYPE_VCS WHERE AGENT_TYPE_ID=1 AND VCS='perforce'
DELETE FROM AGENT_TYPE_VCS WHERE AGENT_TYPE_ID=1 AND VCS='svn'
DELETE FROM AGENT_TYPE_VCS WHERE AGENT_TYPE_ID=1 AND VCS='tfs'
INSERT INTO AGENT_TYPE_VCS VALUES(1,'tfs')
INSERT INTO AGENT_TYPE_VCS VALUES(1,'cvs')
INSERT INTO AGENT_TYPE_VCS VALUES(1,'jetbrains.git')
INSERT INTO AGENT_TYPE_VCS VALUES(1,'mercurial')
INSERT INTO AGENT_TYPE_VCS VALUES(1,'svn')
INSERT INTO AGENT_TYPE_VCS VALUES(1,'perforce')
DELETE FROM AGENT_TYPE_PARAM WHERE AGENT_TYPE_ID=1 AND PARAM_KIND='B' AND PARAM_NAME='env.CONFIG_FILE'
DELETE FROM AGENT_TYPE_PARAM WHERE AGENT_TYPE_ID=1 AND PARAM_KIND='B' AND PARAM_NAME='env.HOME'
DELETE FROM AGENT_TYPE_PARAM WHERE AGENT_TYPE_ID=1 AND PARAM_KIND='B' AND PARAM_NAME='env.HOSTNAME'
DELETE FROM AGENT_TYPE_PARAM WHERE AGENT_TYPE_ID=1 AND PARAM_KIND='B' AND PARAM_NAME='env.JAVA_HOME'
DELETE FROM AGENT_TYPE_PARAM WHERE AGENT_TYPE_ID=1 AND PARAM_KIND='B' AND PARAM_NAME='env.JDK_18'
DELETE FROM AGENT_TYPE_PARAM WHERE AGENT_TYPE_ID=1 AND PARAM_KIND='B' AND PARAM_NAME='env.JDK_18_x64'
DELETE FROM AGENT_TYPE_PARAM WHERE AGENT_TYPE_ID=1 AND PARAM_KIND='B' AND PARAM_NAME='env.JDK_HOME'
DELETE FROM AGENT_TYPE_PARAM WHERE AGENT_TYPE_ID=1 AND PARAM_KIND='B' AND PARAM_NAME='env.JRE_HOME'
DELETE FROM AGENT_TYPE_PARAM WHERE AGENT_TYPE_ID=1 AND PARAM_KIND='B' AND PARAM_NAME='env.NLSPATH'
DELETE FROM AGENT_TYPE_PARAM WHERE AGENT_TYPE_ID=1 AND PARAM_KIND='B' AND PARAM_NAME='env.OLDPWD'
DELETE FROM AGENT_TYPE_PARAM WHERE AGENT_TYPE_ID=1 AND PARAM_KIND='B' AND PARAM_NAME='env.PATH'
DELETE FROM AGENT_TYPE_PARAM WHERE AGENT_TYPE_ID=1 AND PARAM_KIND='B' AND PARAM_NAME='env.PWD'
DELETE FROM AGENT_TYPE_PARAM WHERE AGENT_TYPE_ID=1 AND PARAM_KIND='B' AND PARAM_NAME='env.SERVER_URL'
DELETE FROM AGENT_TYPE_PARAM WHERE AGENT_TYPE_ID=1 AND PARAM_KIND='B' AND PARAM_NAME='env.SHLVL'
DELETE FROM AGENT_TYPE_PARAM WHERE AGENT_TYPE_ID=1 AND PARAM_KIND='B' AND PARAM_NAME='env.TEAMCITY_CAPTURE_ENV'
DELETE FROM AGENT_TYPE_PARAM WHERE AGENT_TYPE_ID=1 AND PARAM_KIND='B' AND PARAM_NAME='env.TEAMCITY_GIT_PATH'
DELETE FROM AGENT_TYPE_PARAM WHERE AGENT_TYPE_ID=1 AND PARAM_KIND='B' AND PARAM_NAME='env.XFILESEARCHPATH'
DELETE FROM AGENT_TYPE_PARAM WHERE AGENT_TYPE_ID=1 AND PARAM_KIND='B' AND PARAM_NAME='env._'
DELETE FROM AGENT_TYPE_PARAM WHERE AGENT_TYPE_ID=1 AND PARAM_KIND='B' AND PARAM_NAME='env.no_proxy'
DELETE FROM AGENT_TYPE_PARAM WHERE AGENT_TYPE_ID=1 AND PARAM_KIND='B' AND PARAM_NAME='system.agent.home.dir'
DELETE FROM AGENT_TYPE_PARAM WHERE AGENT_TYPE_ID=1 AND PARAM_KIND='B' AND PARAM_NAME='system.agent.name'
DELETE FROM AGENT_TYPE_PARAM WHERE AGENT_TYPE_ID=1 AND PARAM_KIND='B' AND PARAM_NAME='system.agent.work.dir'
DELETE FROM AGENT_TYPE_PARAM WHERE AGENT_TYPE_ID=1 AND PARAM_KIND='B' AND PARAM_NAME='system.teamcity.agent.cpuBenchmark'
DELETE FROM AGENT_TYPE_PARAM WHERE AGENT_TYPE_ID=1 AND PARAM_KIND='B' AND PARAM_NAME='system.teamcity.build.tempDir'
DELETE FROM AGENT_TYPE_PARAM WHERE AGENT_TYPE_ID=1 AND PARAM_KIND='C' AND PARAM_NAME='teamcity.agent.hardware.cpuCount'
DELETE FROM AGENT_TYPE_PARAM WHERE AGENT_TYPE_ID=1 AND PARAM_KIND='C' AND PARAM_NAME='teamcity.agent.hardware.memorySizeMb'
DELETE FROM AGENT_TYPE_PARAM WHERE AGENT_TYPE_ID=1 AND PARAM_KIND='C' AND PARAM_NAME='teamcity.agent.home.dir'
DELETE FROM AGENT_TYPE_PARAM WHERE AGENT_TYPE_ID=1 AND PARAM_KIND='C' AND PARAM_NAME='teamcity.agent.hostname'
DELETE FROM AGENT_TYPE_PARAM WHERE AGENT_TYPE_ID=1 AND PARAM_KIND='C' AND PARAM_NAME='teamcity.agent.jvm.file.encoding'
DELETE FROM AGENT_TYPE_PARAM WHERE AGENT_TYPE_ID=1 AND PARAM_KIND='C' AND PARAM_NAME='teamcity.agent.jvm.file.separator'
DELETE FROM AGENT_TYPE_PARAM WHERE AGENT_TYPE_ID=1 AND PARAM_KIND='C' AND PARAM_NAME='teamcity.agent.jvm.java.home'
DELETE FROM AGENT_TYPE_PARAM WHERE AGENT_TYPE_ID=1 AND PARAM_KIND='C' AND PARAM_NAME='teamcity.agent.jvm.os.arch'
DELETE FROM AGENT_TYPE_PARAM WHERE AGENT_TYPE_ID=1 AND PARAM_KIND='C' AND PARAM_NAME='teamcity.agent.jvm.os.name'
DELETE FROM AGENT_TYPE_PARAM WHERE AGENT_TYPE_ID=1 AND PARAM_KIND='C' AND PARAM_NAME='teamcity.agent.jvm.os.version'
DELETE FROM AGENT_TYPE_PARAM WHERE AGENT_TYPE_ID=1 AND PARAM_KIND='C' AND PARAM_NAME='teamcity.agent.jvm.path.separator'
DELETE FROM AGENT_TYPE_PARAM WHERE AGENT_TYPE_ID=1 AND PARAM_KIND='C' AND PARAM_NAME='teamcity.agent.jvm.specification'
DELETE FROM AGENT_TYPE_PARAM WHERE AGENT_TYPE_ID=1 AND PARAM_KIND='C' AND PARAM_NAME='teamcity.agent.jvm.user.country'
DELETE FROM AGENT_TYPE_PARAM WHERE AGENT_TYPE_ID=1 AND PARAM_KIND='C' AND PARAM_NAME='teamcity.agent.jvm.user.home'
DELETE FROM AGENT_TYPE_PARAM WHERE AGENT_TYPE_ID=1 AND PARAM_KIND='C' AND PARAM_NAME='teamcity.agent.jvm.user.language'
DELETE FROM AGENT_TYPE_PARAM WHERE AGENT_TYPE_ID=1 AND PARAM_KIND='C' AND PARAM_NAME='teamcity.agent.jvm.user.name'
DELETE FROM AGENT_TYPE_PARAM WHERE AGENT_TYPE_ID=1 AND PARAM_KIND='C' AND PARAM_NAME='teamcity.agent.jvm.user.timezone'
DELETE FROM AGENT_TYPE_PARAM WHERE AGENT_TYPE_ID=1 AND PARAM_KIND='C' AND PARAM_NAME='teamcity.agent.jvm.version'
DELETE FROM AGENT_TYPE_PARAM WHERE AGENT_TYPE_ID=1 AND PARAM_KIND='C' AND PARAM_NAME='teamcity.agent.launcher.version'
DELETE FROM AGENT_TYPE_PARAM WHERE AGENT_TYPE_ID=1 AND PARAM_KIND='C' AND PARAM_NAME='teamcity.agent.name'
DELETE FROM AGENT_TYPE_PARAM WHERE AGENT_TYPE_ID=1 AND PARAM_KIND='C' AND PARAM_NAME='teamcity.agent.os.arch.bits'
DELETE FROM AGENT_TYPE_PARAM WHERE AGENT_TYPE_ID=1 AND PARAM_KIND='C' AND PARAM_NAME='teamcity.agent.ownPort'
DELETE FROM AGENT_TYPE_PARAM WHERE AGENT_TYPE_ID=1 AND PARAM_KIND='C' AND PARAM_NAME='teamcity.agent.protocol'
DELETE FROM AGENT_TYPE_PARAM WHERE AGENT_TYPE_ID=1 AND PARAM_KIND='C' AND PARAM_NAME='teamcity.agent.tools.dir'
DELETE FROM AGENT_TYPE_PARAM WHERE AGENT_TYPE_ID=1 AND PARAM_KIND='C' AND PARAM_NAME='teamcity.agent.work.dir'
DELETE FROM AGENT_TYPE_PARAM WHERE AGENT_TYPE_ID=1 AND PARAM_KIND='C' AND PARAM_NAME='teamcity.agent.work.dir.freeSpaceMb'
DELETE FROM AGENT_TYPE_PARAM WHERE AGENT_TYPE_ID=1 AND PARAM_KIND='C' AND PARAM_NAME='teamcity.dotCover.home'
DELETE FROM AGENT_TYPE_PARAM WHERE AGENT_TYPE_ID=1 AND PARAM_KIND='C' AND PARAM_NAME='teamcity.hg.agent.path'
DELETE FROM AGENT_TYPE_PARAM WHERE AGENT_TYPE_ID=1 AND PARAM_KIND='C' AND PARAM_NAME='teamcity.hg.version'
DELETE FROM AGENT_TYPE_PARAM WHERE AGENT_TYPE_ID=1 AND PARAM_KIND='C' AND PARAM_NAME='teamcity.serverUrl'
DELETE FROM AGENT_TYPE_PARAM WHERE AGENT_TYPE_ID=1 AND PARAM_KIND='C' AND PARAM_NAME='teamcity.tool.ant-net-tasks'
DELETE FROM AGENT_TYPE_PARAM WHERE AGENT_TYPE_ID=1 AND PARAM_KIND='C' AND PARAM_NAME='teamcity.tool.dotCover'
DELETE FROM AGENT_TYPE_PARAM WHERE AGENT_TYPE_ID=1 AND PARAM_KIND='C' AND PARAM_NAME='teamcity.tool.gant'
DELETE FROM AGENT_TYPE_PARAM WHERE AGENT_TYPE_ID=1 AND PARAM_KIND='C' AND PARAM_NAME='teamcity.tool.idea'
DELETE FROM AGENT_TYPE_PARAM WHERE AGENT_TYPE_ID=1 AND PARAM_KIND='C' AND PARAM_NAME='teamcity.tool.jacoco'
DELETE FROM AGENT_TYPE_PARAM WHERE AGENT_TYPE_ID=1 AND PARAM_KIND='C' AND PARAM_NAME='teamcity.tool.jetbrains.resharper-clt.bundled'
DELETE FROM AGENT_TYPE_PARAM WHERE AGENT_TYPE_ID=1 AND PARAM_KIND='C' AND PARAM_NAME='teamcity.tool.jps'
DELETE FROM AGENT_TYPE_PARAM WHERE AGENT_TYPE_ID=1 AND PARAM_KIND='C' AND PARAM_NAME='teamcity.tool.jps-old'
DELETE FROM AGENT_TYPE_PARAM WHERE AGENT_TYPE_ID=1 AND PARAM_KIND='C' AND PARAM_NAME='teamcity.tool.maven'
DELETE FROM AGENT_TYPE_PARAM WHERE AGENT_TYPE_ID=1 AND PARAM_KIND='C' AND PARAM_NAME='teamcity.tool.maven3'
DELETE FROM AGENT_TYPE_PARAM WHERE AGENT_TYPE_ID=1 AND PARAM_KIND='C' AND PARAM_NAME='teamcity.tool.maven3_1'
DELETE FROM AGENT_TYPE_PARAM WHERE AGENT_TYPE_ID=1 AND PARAM_KIND='C' AND PARAM_NAME='teamcity.tool.maven3_2'
DELETE FROM AGENT_TYPE_PARAM WHERE AGENT_TYPE_ID=1 AND PARAM_KIND='C' AND PARAM_NAME='teamcity.tool.maven3_3'
INSERT INTO AGENT_TYPE_PARAM VALUES(1,'B','env.CONFIG_FILE','/data/teamcity_agent/conf/buildAgent.properties')
INSERT INTO AGENT_TYPE_PARAM VALUES(1,'B','env.HOME','/root')
INSERT INTO AGENT_TYPE_PARAM VALUES(1,'B','env.HOSTNAME','c75ba268fc2f')
INSERT INTO AGENT_TYPE_PARAM VALUES(1,'B','env.JAVA_HOME','/usr/lib/jvm/java-8-openjdk-amd64')
INSERT INTO AGENT_TYPE_PARAM VALUES(1,'B','env.JDK_18','/usr/lib/jvm/java-8-openjdk-amd64')
INSERT INTO AGENT_TYPE_PARAM VALUES(1,'B','env.JDK_18_x64','/usr/lib/jvm/java-8-openjdk-amd64')
INSERT INTO AGENT_TYPE_PARAM VALUES(1,'B','env.JDK_HOME','/usr/lib/jvm/java-8-openjdk-amd64')
INSERT INTO AGENT_TYPE_PARAM VALUES(1,'B','env.JRE_HOME','/usr/lib/jvm/oracle-jdk/jre')
INSERT INTO AGENT_TYPE_PARAM VALUES(1,'B','env.NLSPATH','/usr/dt/lib/nls/msg/%L/%N.cat')
INSERT INTO AGENT_TYPE_PARAM VALUES(1,'B','env.OLDPWD','/')
INSERT INTO AGENT_TYPE_PARAM VALUES(1,'B','env.PATH','/usr/local/sbin:/usr/local/bin:/usr/sbin:/usr/bin:/sbin:/bin')
INSERT INTO AGENT_TYPE_PARAM VALUES(1,'B','env.PWD','/opt/buildagent/bin')
INSERT INTO AGENT_TYPE_PARAM VALUES(1,'B','env.SERVER_URL','http://server:8111')
INSERT INTO AGENT_TYPE_PARAM VALUES(1,'B','env.SHLVL','2')
INSERT INTO AGENT_TYPE_PARAM VALUES(1,'B','env.TEAMCITY_CAPTURE_ENV','"/usr/lib/jvm/oracle-jdk/jre/bin/java" -jar "/opt/buildagent/plugins/environment-fetcher/bin/env-fetcher.jar"')
INSERT INTO AGENT_TYPE_PARAM VALUES(1,'B','env.TEAMCITY_GIT_PATH','/usr/bin/git')
INSERT INTO AGENT_TYPE_PARAM VALUES(1,'B','env.XFILESEARCHPATH','/usr/dt/app-defaults/%L/Dt')
INSERT INTO AGENT_TYPE_PARAM VALUES(1,'B','env._','/opt/buildagent/bin/agent.sh')
INSERT INTO AGENT_TYPE_PARAM VALUES(1,'B','env.no_proxy','*.local, 169.254/16')
INSERT INTO AGENT_TYPE_PARAM VALUES(1,'B','system.agent.home.dir','/opt/buildagent')
INSERT INTO AGENT_TYPE_PARAM VALUES(1,'B','system.agent.name','docker_agent_1')
INSERT INTO AGENT_TYPE_PARAM VALUES(1,'B','system.agent.work.dir','/opt/buildagent/work')
INSERT INTO AGENT_TYPE_PARAM VALUES(1,'B','system.teamcity.agent.cpuBenchmark','591')
INSERT INTO AGENT_TYPE_PARAM VALUES(1,'B','system.teamcity.build.tempDir','/opt/buildagent/temp/buildTmp')
INSERT INTO AGENT_TYPE_PARAM VALUES(1,'C','teamcity.agent.hardware.cpuCount','4')
INSERT INTO AGENT_TYPE_PARAM VALUES(1,'C','teamcity.agent.hardware.memorySizeMb','1997')
INSERT INTO AGENT_TYPE_PARAM VALUES(1,'C','teamcity.agent.home.dir','/opt/buildagent')
INSERT INTO AGENT_TYPE_PARAM VALUES(1,'C','teamcity.agent.hostname','c75ba268fc2f')
INSERT INTO AGENT_TYPE_PARAM VALUES(1,'C','teamcity.agent.jvm.file.encoding','ANSI_X3.4-1968')
INSERT INTO AGENT_TYPE_PARAM VALUES(1,'C','teamcity.agent.jvm.file.separator','/')
INSERT INTO AGENT_TYPE_PARAM VALUES(1,'C','teamcity.agent.jvm.java.home','/usr/lib/jvm/oracle-jdk/jre')
INSERT INTO AGENT_TYPE_PARAM VALUES(1,'C','teamcity.agent.jvm.os.arch','amd64')
INSERT INTO AGENT_TYPE_PARAM VALUES(1,'C','teamcity.agent.jvm.os.name','Linux')
INSERT INTO AGENT_TYPE_PARAM VALUES(1,'C','teamcity.agent.jvm.os.version','4.4.27-moby')
INSERT INTO AGENT_TYPE_PARAM VALUES(1,'C','teamcity.agent.jvm.path.separator',':')
INSERT INTO AGENT_TYPE_PARAM VALUES(1,'C','teamcity.agent.jvm.specification','1.8')
INSERT INTO AGENT_TYPE_PARAM VALUES(1,'C','teamcity.agent.jvm.user.country','US')
INSERT INTO AGENT_TYPE_PARAM VALUES(1,'C','teamcity.agent.jvm.user.home','/root')
INSERT INTO AGENT_TYPE_PARAM VALUES(1,'C','teamcity.agent.jvm.user.language','en')
INSERT INTO AGENT_TYPE_PARAM VALUES(1,'C','teamcity.agent.jvm.user.name','root')
INSERT INTO AGENT_TYPE_PARAM VALUES(1,'C','teamcity.agent.jvm.user.timezone','Etc/UTC')
INSERT INTO AGENT_TYPE_PARAM VALUES(1,'C','teamcity.agent.jvm.version','1.8.0_91')
INSERT INTO AGENT_TYPE_PARAM VALUES(1,'C','teamcity.agent.launcher.version','42434')
INSERT INTO AGENT_TYPE_PARAM VALUES(1,'C','teamcity.agent.name','docker_agent_1')
INSERT INTO AGENT_TYPE_PARAM VALUES(1,'C','teamcity.agent.os.arch.bits','64')
INSERT INTO AGENT_TYPE_PARAM VALUES(1,'C','teamcity.agent.ownPort','9090')
INSERT INTO AGENT_TYPE_PARAM VALUES(1,'C','teamcity.agent.tools.dir','/opt/buildagent/tools')
INSERT INTO AGENT_TYPE_PARAM VALUES(1,'C','teamcity.agent.work.dir','/opt/buildagent/work')
INSERT INTO AGENT_TYPE_PARAM VALUES(1,'C','teamcity.agent.work.dir.freeSpaceMb','46540')
INSERT INTO AGENT_TYPE_PARAM VALUES(1,'C','teamcity.dotCover.home','/opt/buildagent/tools/dotCover')
INSERT INTO AGENT_TYPE_PARAM VALUES(1,'C','teamcity.hg.agent.path','hg')
INSERT INTO AGENT_TYPE_PARAM VALUES(1,'C','teamcity.hg.version','3.4.0')
INSERT INTO AGENT_TYPE_PARAM VALUES(1,'C','teamcity.serverUrl','http://server:8111')
INSERT INTO AGENT_TYPE_PARAM VALUES(1,'C','teamcity.tool.ant-net-tasks','/opt/buildagent/tools/ant-net-tasks')
INSERT INTO AGENT_TYPE_PARAM VALUES(1,'C','teamcity.tool.dotCover','/opt/buildagent/tools/dotCover')
INSERT INTO AGENT_TYPE_PARAM VALUES(1,'C','teamcity.tool.gant','/opt/buildagent/tools/gant')
INSERT INTO AGENT_TYPE_PARAM VALUES(1,'C','teamcity.tool.idea','/opt/buildagent/tools/idea')
INSERT INTO AGENT_TYPE_PARAM VALUES(1,'C','teamcity.tool.jacoco','/opt/buildagent/tools/jacoco')
INSERT INTO AGENT_TYPE_PARAM VALUES(1,'C','teamcity.tool.jetbrains.resharper-clt.bundled','/opt/buildagent/plugins/dotnet-tools/clt-bin')
INSERT INTO AGENT_TYPE_PARAM VALUES(1,'C','teamcity.tool.jps','/opt/buildagent/tools/jps')
INSERT INTO AGENT_TYPE_PARAM VALUES(1,'C','teamcity.tool.jps-old','/opt/buildagent/tools/jps-old')
INSERT INTO AGENT_TYPE_PARAM VALUES(1,'C','teamcity.tool.maven','/opt/buildagent/tools/maven')
INSERT INTO AGENT_TYPE_PARAM VALUES(1,'C','teamcity.tool.maven3','/opt/buildagent/tools/maven3')
INSERT INTO AGENT_TYPE_PARAM VALUES(1,'C','teamcity.tool.maven3_1','/opt/buildagent/tools/maven3_1')
INSERT INTO AGENT_TYPE_PARAM VALUES(1,'C','teamcity.tool.maven3_2','/opt/buildagent/tools/maven3_2')
INSERT INTO AGENT_TYPE_PARAM VALUES(1,'C','teamcity.tool.maven3_3','/opt/buildagent/tools/maven3_3')
COMMIT
DELETE FROM AGENT WHERE ID=1
INSERT INTO AGENT VALUES(1,'docker_agent_1','172.18.0.3',9090,1,1,1,1,1480450635621,1480450559035,NULL,'bf407c6b7d76e085c2706dc16b00986b',NULL,NULL)
COMMIT
DELETE FROM AGENT WHERE ID=1
INSERT INTO AGENT VALUES(1,'docker_agent_1','172.18.0.3',9090,1,1,1,1,1480450635621,1480450635714,NULL,'bf407c6b7d76e085c2706dc16b00986b',NULL,NULL)
COMMIT
DELETE FROM AGENT WHERE ID=1
INSERT INTO AGENT VALUES(1,'docker_agent_1','172.18.0.3',9090,1,1,1,1,1480450635621,1480450635773,NULL,'bf407c6b7d76e085c2706dc16b00986b',NULL,NULL)
COMMIT
DELETE FROM AGENT_TYPE_INFO WHERE AGENT_TYPE_ID=1
INSERT INTO AGENT_TYPE_INFO VALUES(1,'Linux, version 4.4.27-moby',591,'2016-11-29 20:17:17.919000','2016-11-29 20:17:17.919000')
DELETE FROM AGENT_TYPE_VCS WHERE AGENT_TYPE_ID=1 AND VCS='cvs'
DELETE FROM AGENT_TYPE_VCS WHERE AGENT_TYPE_ID=1 AND VCS='jetbrains.git'
DELETE FROM AGENT_TYPE_VCS WHERE AGENT_TYPE_ID=1 AND VCS='mercurial'
DELETE FROM AGENT_TYPE_VCS WHERE AGENT_TYPE_ID=1 AND VCS='perforce'
DELETE FROM AGENT_TYPE_VCS WHERE AGENT_TYPE_ID=1 AND VCS='svn'
DELETE FROM AGENT_TYPE_VCS WHERE AGENT_TYPE_ID=1 AND VCS='tfs'
INSERT INTO AGENT_TYPE_VCS VALUES(1,'tfs')
INSERT INTO AGENT_TYPE_VCS VALUES(1,'cvs')
INSERT INTO AGENT_TYPE_VCS VALUES(1,'jetbrains.git')
INSERT INTO AGENT_TYPE_VCS VALUES(1,'mercurial')
INSERT INTO AGENT_TYPE_VCS VALUES(1,'svn')
INSERT INTO AGENT_TYPE_VCS VALUES(1,'perforce')
DELETE FROM AGENT_TYPE_PARAM WHERE AGENT_TYPE_ID=1 AND PARAM_KIND='B' AND PARAM_NAME='env.CONFIG_FILE'
DELETE FROM AGENT_TYPE_PARAM WHERE AGENT_TYPE_ID=1 AND PARAM_KIND='B' AND PARAM_NAME='env.HOME'
DELETE FROM AGENT_TYPE_PARAM WHERE AGENT_TYPE_ID=1 AND PARAM_KIND='B' AND PARAM_NAME='env.HOSTNAME'
DELETE FROM AGENT_TYPE_PARAM WHERE AGENT_TYPE_ID=1 AND PARAM_KIND='B' AND PARAM_NAME='env.JAVA_HOME'
DELETE FROM AGENT_TYPE_PARAM WHERE AGENT_TYPE_ID=1 AND PARAM_KIND='B' AND PARAM_NAME='env.JDK_18'
DELETE FROM AGENT_TYPE_PARAM WHERE AGENT_TYPE_ID=1 AND PARAM_KIND='B' AND PARAM_NAME='env.JDK_18_x64'
DELETE FROM AGENT_TYPE_PARAM WHERE AGENT_TYPE_ID=1 AND PARAM_KIND='B' AND PARAM_NAME='env.JDK_HOME'
DELETE FROM AGENT_TYPE_PARAM WHERE AGENT_TYPE_ID=1 AND PARAM_KIND='B' AND PARAM_NAME='env.JRE_HOME'
DELETE FROM AGENT_TYPE_PARAM WHERE AGENT_TYPE_ID=1 AND PARAM_KIND='B' AND PARAM_NAME='env.NLSPATH'
DELETE FROM AGENT_TYPE_PARAM WHERE AGENT_TYPE_ID=1 AND PARAM_KIND='B' AND PARAM_NAME='env.OLDPWD'
DELETE FROM AGENT_TYPE_PARAM WHERE AGENT_TYPE_ID=1 AND PARAM_KIND='B' AND PARAM_NAME='env.PATH'
DELETE FROM AGENT_TYPE_PARAM WHERE AGENT_TYPE_ID=1 AND PARAM_KIND='B' AND PARAM_NAME='env.PWD'
DELETE FROM AGENT_TYPE_PARAM WHERE AGENT_TYPE_ID=1 AND PARAM_KIND='B' AND PARAM_NAME='env.SERVER_URL'
DELETE FROM AGENT_TYPE_PARAM WHERE AGENT_TYPE_ID=1 AND PARAM_KIND='B' AND PARAM_NAME='env.SHLVL'
DELETE FROM AGENT_TYPE_PARAM WHERE AGENT_TYPE_ID=1 AND PARAM_KIND='B' AND PARAM_NAME='env.TEAMCITY_CAPTURE_ENV'
DELETE FROM AGENT_TYPE_PARAM WHERE AGENT_TYPE_ID=1 AND PARAM_KIND='B' AND PARAM_NAME='env.TEAMCITY_GIT_PATH'
DELETE FROM AGENT_TYPE_PARAM WHERE AGENT_TYPE_ID=1 AND PARAM_KIND='B' AND PARAM_NAME='env.XFILESEARCHPATH'
DELETE FROM AGENT_TYPE_PARAM WHERE AGENT_TYPE_ID=1 AND PARAM_KIND='B' AND PARAM_NAME='env._'
DELETE FROM AGENT_TYPE_PARAM WHERE AGENT_TYPE_ID=1 AND PARAM_KIND='B' AND PARAM_NAME='env.no_proxy'
DELETE FROM AGENT_TYPE_PARAM WHERE AGENT_TYPE_ID=1 AND PARAM_KIND='B' AND PARAM_NAME='system.agent.home.dir'
DELETE FROM AGENT_TYPE_PARAM WHERE AGENT_TYPE_ID=1 AND PARAM_KIND='B' AND PARAM_NAME='system.agent.name'
DELETE FROM AGENT_TYPE_PARAM WHERE AGENT_TYPE_ID=1 AND PARAM_KIND='B' AND PARAM_NAME='system.agent.work.dir'
DELETE FROM AGENT_TYPE_PARAM WHERE AGENT_TYPE_ID=1 AND PARAM_KIND='B' AND PARAM_NAME='system.teamcity.agent.cpuBenchmark'
DELETE FROM AGENT_TYPE_PARAM WHERE AGENT_TYPE_ID=1 AND PARAM_KIND='B' AND PARAM_NAME='system.teamcity.build.tempDir'
DELETE FROM AGENT_TYPE_PARAM WHERE AGENT_TYPE_ID=1 AND PARAM_KIND='C' AND PARAM_NAME='teamcity.agent.hardware.cpuCount'
DELETE FROM AGENT_TYPE_PARAM WHERE AGENT_TYPE_ID=1 AND PARAM_KIND='C' AND PARAM_NAME='teamcity.agent.hardware.memorySizeMb'
DELETE FROM AGENT_TYPE_PARAM WHERE AGENT_TYPE_ID=1 AND PARAM_KIND='C' AND PARAM_NAME='teamcity.agent.home.dir'
DELETE FROM AGENT_TYPE_PARAM WHERE AGENT_TYPE_ID=1 AND PARAM_KIND='C' AND PARAM_NAME='teamcity.agent.hostname'
DELETE FROM AGENT_TYPE_PARAM WHERE AGENT_TYPE_ID=1 AND PARAM_KIND='C' AND PARAM_NAME='teamcity.agent.jvm.file.encoding'
DELETE FROM AGENT_TYPE_PARAM WHERE AGENT_TYPE_ID=1 AND PARAM_KIND='C' AND PARAM_NAME='teamcity.agent.jvm.file.separator'
DELETE FROM AGENT_TYPE_PARAM WHERE AGENT_TYPE_ID=1 AND PARAM_KIND='C' AND PARAM_NAME='teamcity.agent.jvm.java.home'
DELETE FROM AGENT_TYPE_PARAM WHERE AGENT_TYPE_ID=1 AND PARAM_KIND='C' AND PARAM_NAME='teamcity.agent.jvm.os.arch'
DELETE FROM AGENT_TYPE_PARAM WHERE AGENT_TYPE_ID=1 AND PARAM_KIND='C' AND PARAM_NAME='teamcity.agent.jvm.os.name'
DELETE FROM AGENT_TYPE_PARAM WHERE AGENT_TYPE_ID=1 AND PARAM_KIND='C' AND PARAM_NAME='teamcity.agent.jvm.os.version'
DELETE FROM AGENT_TYPE_PARAM WHERE AGENT_TYPE_ID=1 AND PARAM_KIND='C' AND PARAM_NAME='teamcity.agent.jvm.path.separator'
DELETE FROM AGENT_TYPE_PARAM WHERE AGENT_TYPE_ID=1 AND PARAM_KIND='C' AND PARAM_NAME='teamcity.agent.jvm.specification'
DELETE FROM AGENT_TYPE_PARAM WHERE AGENT_TYPE_ID=1 AND PARAM_KIND='C' AND PARAM_NAME='teamcity.agent.jvm.user.country'
DELETE FROM AGENT_TYPE_PARAM WHERE AGENT_TYPE_ID=1 AND PARAM_KIND='C' AND PARAM_NAME='teamcity.agent.jvm.user.home'
DELETE FROM AGENT_TYPE_PARAM WHERE AGENT_TYPE_ID=1 AND PARAM_KIND='C' AND PARAM_NAME='teamcity.agent.jvm.user.language'
DELETE FROM AGENT_TYPE_PARAM WHERE AGENT_TYPE_ID=1 AND PARAM_KIND='C' AND PARAM_NAME='teamcity.agent.jvm.user.name'
DELETE FROM AGENT_TYPE_PARAM WHERE AGENT_TYPE_ID=1 AND PARAM_KIND='C' AND PARAM_NAME='teamcity.agent.jvm.user.timezone'
DELETE FROM AGENT_TYPE_PARAM WHERE AGENT_TYPE_ID=1 AND PARAM_KIND='C' AND PARAM_NAME='teamcity.agent.jvm.version'
DELETE FROM AGENT_TYPE_PARAM WHERE AGENT_TYPE_ID=1 AND PARAM_KIND='C' AND PARAM_NAME='teamcity.agent.launcher.version'
DELETE FROM AGENT_TYPE_PARAM WHERE AGENT_TYPE_ID=1 AND PARAM_KIND='C' AND PARAM_NAME='teamcity.agent.name'
DELETE FROM AGENT_TYPE_PARAM WHERE AGENT_TYPE_ID=1 AND PARAM_KIND='C' AND PARAM_NAME='teamcity.agent.os.arch.bits'
DELETE FROM AGENT_TYPE_PARAM WHERE AGENT_TYPE_ID=1 AND PARAM_KIND='C' AND PARAM_NAME='teamcity.agent.ownPort'
DELETE FROM AGENT_TYPE_PARAM WHERE AGENT_TYPE_ID=1 AND PARAM_KIND='C' AND PARAM_NAME='teamcity.agent.tools.dir'
DELETE FROM AGENT_TYPE_PARAM WHERE AGENT_TYPE_ID=1 AND PARAM_KIND='C' AND PARAM_NAME='teamcity.agent.work.dir'
DELETE FROM AGENT_TYPE_PARAM WHERE AGENT_TYPE_ID=1 AND PARAM_KIND='C' AND PARAM_NAME='teamcity.agent.work.dir.freeSpaceMb'
DELETE FROM AGENT_TYPE_PARAM WHERE AGENT_TYPE_ID=1 AND PARAM_KIND='C' AND PARAM_NAME='teamcity.dotCover.home'
DELETE FROM AGENT_TYPE_PARAM WHERE AGENT_TYPE_ID=1 AND PARAM_KIND='C' AND PARAM_NAME='teamcity.hg.agent.path'
DELETE FROM AGENT_TYPE_PARAM WHERE AGENT_TYPE_ID=1 AND PARAM_KIND='C' AND PARAM_NAME='teamcity.hg.version'
DELETE FROM AGENT_TYPE_PARAM WHERE AGENT_TYPE_ID=1 AND PARAM_KIND='C' AND PARAM_NAME='teamcity.serverUrl'
DELETE FROM AGENT_TYPE_PARAM WHERE AGENT_TYPE_ID=1 AND PARAM_KIND='C' AND PARAM_NAME='teamcity.tool.ant-net-tasks'
DELETE FROM AGENT_TYPE_PARAM WHERE AGENT_TYPE_ID=1 AND PARAM_KIND='C' AND PARAM_NAME='teamcity.tool.dotCover'
DELETE FROM AGENT_TYPE_PARAM WHERE AGENT_TYPE_ID=1 AND PARAM_KIND='C' AND PARAM_NAME='teamcity.tool.gant'
DELETE FROM AGENT_TYPE_PARAM WHERE AGENT_TYPE_ID=1 AND PARAM_KIND='C' AND PARAM_NAME='teamcity.tool.idea'
DELETE FROM AGENT_TYPE_PARAM WHERE AGENT_TYPE_ID=1 AND PARAM_KIND='C' AND PARAM_NAME='teamcity.tool.jacoco'
DELETE FROM AGENT_TYPE_PARAM WHERE AGENT_TYPE_ID=1 AND PARAM_KIND='C' AND PARAM_NAME='teamcity.tool.jetbrains.resharper-clt.bundled'
DELETE FROM AGENT_TYPE_PARAM WHERE AGENT_TYPE_ID=1 AND PARAM_KIND='C' AND PARAM_NAME='teamcity.tool.jps'
DELETE FROM AGENT_TYPE_PARAM WHERE AGENT_TYPE_ID=1 AND PARAM_KIND='C' AND PARAM_NAME='teamcity.tool.jps-old'
DELETE FROM AGENT_TYPE_PARAM WHERE AGENT_TYPE_ID=1 AND PARAM_KIND='C' AND PARAM_NAME='teamcity.tool.maven'
DELETE FROM AGENT_TYPE_PARAM WHERE AGENT_TYPE_ID=1 AND PARAM_KIND='C' AND PARAM_NAME='teamcity.tool.maven3'
DELETE FROM AGENT_TYPE_PARAM WHERE AGENT_TYPE_ID=1 AND PARAM_KIND='C' AND PARAM_NAME='teamcity.tool.maven3_1'
DELETE FROM AGENT_TYPE_PARAM WHERE AGENT_TYPE_ID=1 AND PARAM_KIND='C' AND PARAM_NAME='teamcity.tool.maven3_2'
DELETE FROM AGENT_TYPE_PARAM WHERE AGENT_TYPE_ID=1 AND PARAM_KIND='C' AND PARAM_NAME='teamcity.tool.maven3_3'
INSERT INTO AGENT_TYPE_PARAM VALUES(1,'B','env.CONFIG_FILE','/data/teamcity_agent/conf/buildAgent.properties')
INSERT INTO AGENT_TYPE_PARAM VALUES(1,'B','env.HOME','/root')
INSERT INTO AGENT_TYPE_PARAM VALUES(1,'B','env.HOSTNAME','c75ba268fc2f')
INSERT INTO AGENT_TYPE_PARAM VALUES(1,'B','env.JAVA_HOME','/usr/lib/jvm/java-8-openjdk-amd64')
INSERT INTO AGENT_TYPE_PARAM VALUES(1,'B','env.JDK_18','/usr/lib/jvm/java-8-openjdk-amd64')
INSERT INTO AGENT_TYPE_PARAM VALUES(1,'B','env.JDK_18_x64','/usr/lib/jvm/java-8-openjdk-amd64')
INSERT INTO AGENT_TYPE_PARAM VALUES(1,'B','env.JDK_HOME','/usr/lib/jvm/java-8-openjdk-amd64')
INSERT INTO AGENT_TYPE_PARAM VALUES(1,'B','env.JRE_HOME','/usr/lib/jvm/oracle-jdk/jre')
INSERT INTO AGENT_TYPE_PARAM VALUES(1,'B','env.NLSPATH','/usr/dt/lib/nls/msg/%L/%N.cat')
INSERT INTO AGENT_TYPE_PARAM VALUES(1,'B','env.OLDPWD','/')
INSERT INTO AGENT_TYPE_PARAM VALUES(1,'B','env.PATH','/usr/local/sbin:/usr/local/bin:/usr/sbin:/usr/bin:/sbin:/bin')
INSERT INTO AGENT_TYPE_PARAM VALUES(1,'B','env.PWD','/opt/buildagent/bin')
INSERT INTO AGENT_TYPE_PARAM VALUES(1,'B','env.SERVER_URL','http://server:8111')
INSERT INTO AGENT_TYPE_PARAM VALUES(1,'B','env.SHLVL','2')
INSERT INTO AGENT_TYPE_PARAM VALUES(1,'B','env.TEAMCITY_CAPTURE_ENV','"/usr/lib/jvm/oracle-jdk/jre/bin/java" -jar "/opt/buildagent/plugins/environment-fetcher/bin/env-fetcher.jar"')
INSERT INTO AGENT_TYPE_PARAM VALUES(1,'B','env.TEAMCITY_GIT_PATH','/usr/bin/git')
INSERT INTO AGENT_TYPE_PARAM VALUES(1,'B','env.XFILESEARCHPATH','/usr/dt/app-defaults/%L/Dt')
INSERT INTO AGENT_TYPE_PARAM VALUES(1,'B','env._','/opt/buildagent/bin/agent.sh')
INSERT INTO AGENT_TYPE_PARAM VALUES(1,'B','env.no_proxy','*.local, 169.254/16')
INSERT INTO AGENT_TYPE_PARAM VALUES(1,'B','system.agent.home.dir','/opt/buildagent')
INSERT INTO AGENT_TYPE_PARAM VALUES(1,'B','system.agent.name','docker_agent_1')
INSERT INTO AGENT_TYPE_PARAM VALUES(1,'B','system.agent.work.dir','/opt/buildagent/work')
INSERT INTO AGENT_TYPE_PARAM VALUES(1,'B','system.teamcity.agent.cpuBenchmark','591')
INSERT INTO AGENT_TYPE_PARAM VALUES(1,'B','system.teamcity.build.tempDir','/opt/buildagent/temp/buildTmp')
INSERT INTO AGENT_TYPE_PARAM VALUES(1,'C','teamcity.agent.hardware.cpuCount','4')
INSERT INTO AGENT_TYPE_PARAM VALUES(1,'C','teamcity.agent.hardware.memorySizeMb','1997')
INSERT INTO AGENT_TYPE_PARAM VALUES(1,'C','teamcity.agent.home.dir','/opt/buildagent')
INSERT INTO AGENT_TYPE_PARAM VALUES(1,'C','teamcity.agent.hostname','c75ba268fc2f')
INSERT INTO AGENT_TYPE_PARAM VALUES(1,'C','teamcity.agent.jvm.file.encoding','ANSI_X3.4-1968')
INSERT INTO AGENT_TYPE_PARAM VALUES(1,'C','teamcity.agent.jvm.file.separator','/')
INSERT INTO AGENT_TYPE_PARAM VALUES(1,'C','teamcity.agent.jvm.java.home','/usr/lib/jvm/oracle-jdk/jre')
INSERT INTO AGENT_TYPE_PARAM VALUES(1,'C','teamcity.agent.jvm.os.arch','amd64')
INSERT INTO AGENT_TYPE_PARAM VALUES(1,'C','teamcity.agent.jvm.os.name','Linux')
INSERT INTO AGENT_TYPE_PARAM VALUES(1,'C','teamcity.agent.jvm.os.version','4.4.27-moby')
INSERT INTO AGENT_TYPE_PARAM VALUES(1,'C','teamcity.agent.jvm.path.separator',':')
INSERT INTO AGENT_TYPE_PARAM VALUES(1,'C','teamcity.agent.jvm.specification','1.8')
INSERT INTO AGENT_TYPE_PARAM VALUES(1,'C','teamcity.agent.jvm.user.country','US')
INSERT INTO AGENT_TYPE_PARAM VALUES(1,'C','teamcity.agent.jvm.user.home','/root')
INSERT INTO AGENT_TYPE_PARAM VALUES(1,'C','teamcity.agent.jvm.user.language','en')
INSERT INTO AGENT_TYPE_PARAM VALUES(1,'C','teamcity.agent.jvm.user.name','root')
INSERT INTO AGENT_TYPE_PARAM VALUES(1,'C','teamcity.agent.jvm.user.timezone','Etc/UTC')
INSERT INTO AGENT_TYPE_PARAM VALUES(1,'C','teamcity.agent.jvm.version','1.8.0_91')
INSERT INTO AGENT_TYPE_PARAM VALUES(1,'C','teamcity.agent.launcher.version','42434')
INSERT INTO AGENT_TYPE_PARAM VALUES(1,'C','teamcity.agent.name','docker_agent_1')
INSERT INTO AGENT_TYPE_PARAM VALUES(1,'C','teamcity.agent.os.arch.bits','64')
INSERT INTO AGENT_TYPE_PARAM VALUES(1,'C','teamcity.agent.ownPort','9090')
INSERT INTO AGENT_TYPE_PARAM VALUES(1,'C','teamcity.agent.protocol','polling')
INSERT INTO AGENT_TYPE_PARAM VALUES(1,'C','teamcity.agent.tools.dir','/opt/buildagent/tools')
INSERT INTO AGENT_TYPE_PARAM VALUES(1,'C','teamcity.agent.work.dir','/opt/buildagent/work')
INSERT INTO AGENT_TYPE_PARAM VALUES(1,'C','teamcity.agent.work.dir.freeSpaceMb','46540')
INSERT INTO AGENT_TYPE_PARAM VALUES(1,'C','teamcity.dotCover.home','/opt/buildagent/tools/dotCover')
INSERT INTO AGENT_TYPE_PARAM VALUES(1,'C','teamcity.hg.agent.path','hg')
INSERT INTO AGENT_TYPE_PARAM VALUES(1,'C','teamcity.hg.version','3.4.0')
INSERT INTO AGENT_TYPE_PARAM VALUES(1,'C','teamcity.serverUrl','http://server:8111')
INSERT INTO AGENT_TYPE_PARAM VALUES(1,'C','teamcity.tool.ant-net-tasks','/opt/buildagent/tools/ant-net-tasks')
INSERT INTO AGENT_TYPE_PARAM VALUES(1,'C','teamcity.tool.dotCover','/opt/buildagent/tools/dotCover')
INSERT INTO AGENT_TYPE_PARAM VALUES(1,'C','teamcity.tool.gant','/opt/buildagent/tools/gant')
INSERT INTO AGENT_TYPE_PARAM VALUES(1,'C','teamcity.tool.idea','/opt/buildagent/tools/idea')
INSERT INTO AGENT_TYPE_PARAM VALUES(1,'C','teamcity.tool.jacoco','/opt/buildagent/tools/jacoco')
INSERT INTO AGENT_TYPE_PARAM VALUES(1,'C','teamcity.tool.jetbrains.resharper-clt.bundled','/opt/buildagent/plugins/dotnet-tools/clt-bin')
INSERT INTO AGENT_TYPE_PARAM VALUES(1,'C','teamcity.tool.jps','/opt/buildagent/tools/jps')
INSERT INTO AGENT_TYPE_PARAM VALUES(1,'C','teamcity.tool.jps-old','/opt/buildagent/tools/jps-old')
INSERT INTO AGENT_TYPE_PARAM VALUES(1,'C','teamcity.tool.maven','/opt/buildagent/tools/maven')
INSERT INTO AGENT_TYPE_PARAM VALUES(1,'C','teamcity.tool.maven3','/opt/buildagent/tools/maven3')
INSERT INTO AGENT_TYPE_PARAM VALUES(1,'C','teamcity.tool.maven3_1','/opt/buildagent/tools/maven3_1')
INSERT INTO AGENT_TYPE_PARAM VALUES(1,'C','teamcity.tool.maven3_2','/opt/buildagent/tools/maven3_2')
INSERT INTO AGENT_TYPE_PARAM VALUES(1,'C','teamcity.tool.maven3_3','/opt/buildagent/tools/maven3_3')
COMMIT
DELETE FROM HISTORY WHERE BUILD_ID=1
DELETE FROM STATS WHERE BUILD_ID=1
DELETE FROM BUILD_STATE WHERE ID=1
DELETE FROM BUILD_CHECKOUT_RULES WHERE BUILD_STATE_ID=1 AND BUILD_TYPE_ID='bt1' AND VCS_ROOT_ID=3
DELETE FROM BUILD_REVISIONS WHERE BUILD_STATE_ID=1 AND VCS_ROOT_ID=3
DELETE FROM BUILD_ATTRS WHERE BUILD_STATE_ID=1 AND ATTR_NAME='teamcity.addToFavorites'
DELETE FROM BUILD_ATTRS WHERE BUILD_STATE_ID=1 AND ATTR_NAME='teamcity.build.branchDisplayName'
DELETE FROM BUILD_ATTRS WHERE BUILD_STATE_ID=1 AND ATTR_NAME='teamcity.build.buildTypeArtifactsPath'
DELETE FROM BUILD_ATTRS WHERE BUILD_STATE_ID=1 AND ATTR_NAME='teamcity.build.hasFrozenSettings'
DELETE FROM BUILD_PROBLEM WHERE BUILD_STATE_ID=1 AND PROBLEM_ID=1
DELETE FROM BUILD_PROBLEM_ATTRIBUTE WHERE BUILD_STATE_ID=1 AND PROBLEM_ID=1 AND ATTR_NAME='additionalData'
DELETE FROM BUILD_PROBLEM_ATTRIBUTE WHERE BUILD_STATE_ID=1 AND PROBLEM_ID=1 AND ATTR_NAME='buildLogAnchor'
COMMIT
/*C10*/SET SCHEMA PUBLIC
DELETE FROM HISTORY WHERE BUILD_ID=2
INSERT INTO HISTORY VALUES(2,'docker_agent_1','bt1',1480449964326,1480449964285,1480449974073,3,'Tests passed: 2; exit code 1 (new)',NULL,0,0,0,'2','##userId=''1''',2,1)
COMMIT
/*C9*/DELETE FROM BUILD_DATA_STORAGE WHERE BUILD_ID=1 AND METRIC_ID=-6371738409877395985
DELETE FROM BUILD_DATA_STORAGE WHERE BUILD_ID=1 AND METRIC_ID=-4924562750898875443
DELETE FROM BUILD_DATA_STORAGE WHERE BUILD_ID=1 AND METRIC_ID=-3896958621569208557
DELETE FROM BUILD_DATA_STORAGE WHERE BUILD_ID=1 AND METRIC_ID=-3811876622637497843
DELETE FROM BUILD_DATA_STORAGE WHERE BUILD_ID=1 AND METRIC_ID=340349775839283755
DELETE FROM BUILD_DATA_STORAGE WHERE BUILD_ID=1 AND METRIC_ID=1662119473372385625
DELETE FROM BUILD_DATA_STORAGE WHERE BUILD_ID=1 AND METRIC_ID=3014510524022395756
DELETE FROM BUILD_DATA_STORAGE WHERE BUILD_ID=1 AND METRIC_ID=4967928924983341179
DELETE FROM BUILD_DATA_STORAGE WHERE BUILD_ID=1 AND METRIC_ID=5744866293795496522
DELETE FROM BUILD_DATA_STORAGE WHERE BUILD_ID=1 AND METRIC_ID=6662056484837638591
DELETE FROM BUILD_DATA_STORAGE WHERE BUILD_ID=1 AND METRIC_ID=6808147447982308545
DELETE FROM BUILD_PROJECT WHERE BUILD_ID=1 AND PROJECT_LEVEL=0
DELETE FROM BUILD_PROJECT WHERE BUILD_ID=1 AND PROJECT_LEVEL=1
COMMIT
INSERT INTO COMMENTS VALUES(11,1,1480450661017,'')
COMMIT
INSERT INTO AUDIT_ADDITIONAL_OBJECT VALUES(11,0,'NO_ID','1')
COMMIT
INSERT INTO ACTION_HISTORY VALUES('bt1',11,133,NULL)
COMMIT
DELETE FROM AGENT WHERE ID=1
INSERT INTO AGENT VALUES(1,'docker_agent_1','172.18.0.3',9090,1,1,1,1,1480450635621,1480450666580,NULL,'bf407c6b7d76e085c2706dc16b00986b',NULL,NULL)
COMMIT
DELETE FROM AGENT WHERE ID=1
INSERT INTO AGENT VALUES(1,'docker_agent_1','172.18.0.3',9090,1,1,1,1,1480450635621,1480450671585,NULL,'bf407c6b7d76e085c2706dc16b00986b',NULL,NULL)
COMMIT
DELETE FROM AGENT WHERE ID=1
INSERT INTO AGENT VALUES(1,'docker_agent_1','172.18.0.3',9090,1,1,1,1,1480450635621,1480450702264,NULL,'bf407c6b7d76e085c2706dc16b00986b',NULL,NULL)
COMMIT
